

Started GET "/" for 127.0.0.1 at 2015-03-09 19:15:18 +0100

Mysql2::Error (Access denied for user 'root'@'localhost' (using password: NO)):
  mysql2 (0.3.18) lib/mysql2/client.rb:70:in `connect'
  mysql2 (0.3.18) lib/mysql2/client.rb:70:in `initialize'
  activerecord (4.1.1) lib/active_record/connection_adapters/mysql2_adapter.rb:18:in `new'
  activerecord (4.1.1) lib/active_record/connection_adapters/mysql2_adapter.rb:18:in `mysql2_connection'
  activerecord (4.1.1) lib/active_record/connection_adapters/abstract/connection_pool.rb:435:in `new_connection'
  activerecord (4.1.1) lib/active_record/connection_adapters/abstract/connection_pool.rb:445:in `checkout_new_connection'
  activerecord (4.1.1) lib/active_record/connection_adapters/abstract/connection_pool.rb:416:in `acquire_connection'
  activerecord (4.1.1) lib/active_record/connection_adapters/abstract/connection_pool.rb:351:in `block in checkout'
  /home/ivan/.rvm/rubies/ruby-2.1.2/lib/ruby/2.1.0/monitor.rb:211:in `mon_synchronize'
  activerecord (4.1.1) lib/active_record/connection_adapters/abstract/connection_pool.rb:350:in `checkout'
  activerecord (4.1.1) lib/active_record/connection_adapters/abstract/connection_pool.rb:265:in `block in connection'
  /home/ivan/.rvm/rubies/ruby-2.1.2/lib/ruby/2.1.0/monitor.rb:211:in `mon_synchronize'
  activerecord (4.1.1) lib/active_record/connection_adapters/abstract/connection_pool.rb:264:in `connection'
  activerecord (4.1.1) lib/active_record/connection_adapters/abstract/connection_pool.rb:541:in `retrieve_connection'
  activerecord (4.1.1) lib/active_record/connection_handling.rb:113:in `retrieve_connection'
  activerecord (4.1.1) lib/active_record/connection_handling.rb:87:in `connection'
  activerecord (4.1.1) lib/active_record/query_cache.rb:51:in `restore_query_cache_settings'
  activerecord (4.1.1) lib/active_record/query_cache.rb:43:in `rescue in call'
  activerecord (4.1.1) lib/active_record/query_cache.rb:32:in `call'
  activerecord (4.1.1) lib/active_record/connection_adapters/abstract/connection_pool.rb:621:in `call'
  activerecord (4.1.1) lib/active_record/migration.rb:380:in `call'
  actionpack (4.1.1) lib/action_dispatch/middleware/callbacks.rb:29:in `block in call'
  activesupport (4.1.1) lib/active_support/callbacks.rb:82:in `run_callbacks'
  actionpack (4.1.1) lib/action_dispatch/middleware/callbacks.rb:27:in `call'
  actionpack (4.1.1) lib/action_dispatch/middleware/reloader.rb:73:in `call'
  actionpack (4.1.1) lib/action_dispatch/middleware/remote_ip.rb:76:in `call'
  actionpack (4.1.1) lib/action_dispatch/middleware/debug_exceptions.rb:17:in `call'
  actionpack (4.1.1) lib/action_dispatch/middleware/show_exceptions.rb:30:in `call'
  railties (4.1.1) lib/rails/rack/logger.rb:38:in `call_app'
  railties (4.1.1) lib/rails/rack/logger.rb:20:in `block in call'
  activesupport (4.1.1) lib/active_support/tagged_logging.rb:68:in `block in tagged'
  activesupport (4.1.1) lib/active_support/tagged_logging.rb:26:in `tagged'
  activesupport (4.1.1) lib/active_support/tagged_logging.rb:68:in `tagged'
  railties (4.1.1) lib/rails/rack/logger.rb:20:in `call'
  actionpack (4.1.1) lib/action_dispatch/middleware/request_id.rb:21:in `call'
  rack (1.5.2) lib/rack/methodoverride.rb:21:in `call'
  rack (1.5.2) lib/rack/runtime.rb:17:in `call'
  activesupport (4.1.1) lib/active_support/cache/strategy/local_cache_middleware.rb:26:in `call'
  rack (1.5.2) lib/rack/lock.rb:17:in `call'
  actionpack (4.1.1) lib/action_dispatch/middleware/static.rb:64:in `call'
  rack (1.5.2) lib/rack/sendfile.rb:112:in `call'
  railties (4.1.1) lib/rails/engine.rb:514:in `call'
  railties (4.1.1) lib/rails/application.rb:144:in `call'
  rack (1.5.2) lib/rack/lock.rb:17:in `call'
  rack (1.5.2) lib/rack/content_length.rb:14:in `call'
  rack (1.5.2) lib/rack/handler/webrick.rb:60:in `service'
  /home/ivan/.rvm/rubies/ruby-2.1.2/lib/ruby/2.1.0/webrick/httpserver.rb:138:in `service'
  /home/ivan/.rvm/rubies/ruby-2.1.2/lib/ruby/2.1.0/webrick/httpserver.rb:94:in `run'
  /home/ivan/.rvm/rubies/ruby-2.1.2/lib/ruby/2.1.0/webrick/server.rb:295:in `block in start_thread'


  Rendered /home/ivan/.rvm/gems/ruby-2.1.2/gems/actionpack-4.1.1/lib/action_dispatch/middleware/templates/rescues/_source.erb (0.8ms)
  Rendered /home/ivan/.rvm/gems/ruby-2.1.2/gems/actionpack-4.1.1/lib/action_dispatch/middleware/templates/rescues/_trace.html.erb (1.8ms)
  Rendered /home/ivan/.rvm/gems/ruby-2.1.2/gems/actionpack-4.1.1/lib/action_dispatch/middleware/templates/rescues/_request_and_response.html.erb (1.4ms)
  Rendered /home/ivan/.rvm/gems/ruby-2.1.2/gems/actionpack-4.1.1/lib/action_dispatch/middleware/templates/rescues/diagnostics.erb within rescues/layout (33.6ms)


Started GET "/" for 127.0.0.1 at 2015-03-09 19:15:48 +0100

Mysql2::Error (Access denied for user 'root'@'localhost' (using password: NO)):
  mysql2 (0.3.18) lib/mysql2/client.rb:70:in `connect'
  mysql2 (0.3.18) lib/mysql2/client.rb:70:in `initialize'
  activerecord (4.1.1) lib/active_record/connection_adapters/mysql2_adapter.rb:18:in `new'
  activerecord (4.1.1) lib/active_record/connection_adapters/mysql2_adapter.rb:18:in `mysql2_connection'
  activerecord (4.1.1) lib/active_record/connection_adapters/abstract/connection_pool.rb:435:in `new_connection'
  activerecord (4.1.1) lib/active_record/connection_adapters/abstract/connection_pool.rb:445:in `checkout_new_connection'
  activerecord (4.1.1) lib/active_record/connection_adapters/abstract/connection_pool.rb:416:in `acquire_connection'
  activerecord (4.1.1) lib/active_record/connection_adapters/abstract/connection_pool.rb:351:in `block in checkout'
  /home/ivan/.rvm/rubies/ruby-2.1.2/lib/ruby/2.1.0/monitor.rb:211:in `mon_synchronize'
  activerecord (4.1.1) lib/active_record/connection_adapters/abstract/connection_pool.rb:350:in `checkout'
  activerecord (4.1.1) lib/active_record/connection_adapters/abstract/connection_pool.rb:265:in `block in connection'
  /home/ivan/.rvm/rubies/ruby-2.1.2/lib/ruby/2.1.0/monitor.rb:211:in `mon_synchronize'
  activerecord (4.1.1) lib/active_record/connection_adapters/abstract/connection_pool.rb:264:in `connection'
  activerecord (4.1.1) lib/active_record/connection_adapters/abstract/connection_pool.rb:541:in `retrieve_connection'
  activerecord (4.1.1) lib/active_record/connection_handling.rb:113:in `retrieve_connection'
  activerecord (4.1.1) lib/active_record/connection_handling.rb:87:in `connection'
  activerecord (4.1.1) lib/active_record/query_cache.rb:51:in `restore_query_cache_settings'
  activerecord (4.1.1) lib/active_record/query_cache.rb:43:in `rescue in call'
  activerecord (4.1.1) lib/active_record/query_cache.rb:32:in `call'
  activerecord (4.1.1) lib/active_record/connection_adapters/abstract/connection_pool.rb:621:in `call'
  activerecord (4.1.1) lib/active_record/migration.rb:380:in `call'
  actionpack (4.1.1) lib/action_dispatch/middleware/callbacks.rb:29:in `block in call'
  activesupport (4.1.1) lib/active_support/callbacks.rb:82:in `run_callbacks'
  actionpack (4.1.1) lib/action_dispatch/middleware/callbacks.rb:27:in `call'
  actionpack (4.1.1) lib/action_dispatch/middleware/reloader.rb:73:in `call'
  actionpack (4.1.1) lib/action_dispatch/middleware/remote_ip.rb:76:in `call'
  actionpack (4.1.1) lib/action_dispatch/middleware/debug_exceptions.rb:17:in `call'
  actionpack (4.1.1) lib/action_dispatch/middleware/show_exceptions.rb:30:in `call'
  railties (4.1.1) lib/rails/rack/logger.rb:38:in `call_app'
  railties (4.1.1) lib/rails/rack/logger.rb:20:in `block in call'
  activesupport (4.1.1) lib/active_support/tagged_logging.rb:68:in `block in tagged'
  activesupport (4.1.1) lib/active_support/tagged_logging.rb:26:in `tagged'
  activesupport (4.1.1) lib/active_support/tagged_logging.rb:68:in `tagged'
  railties (4.1.1) lib/rails/rack/logger.rb:20:in `call'
  actionpack (4.1.1) lib/action_dispatch/middleware/request_id.rb:21:in `call'
  rack (1.5.2) lib/rack/methodoverride.rb:21:in `call'
  rack (1.5.2) lib/rack/runtime.rb:17:in `call'
  activesupport (4.1.1) lib/active_support/cache/strategy/local_cache_middleware.rb:26:in `call'
  rack (1.5.2) lib/rack/lock.rb:17:in `call'
  actionpack (4.1.1) lib/action_dispatch/middleware/static.rb:64:in `call'
  rack (1.5.2) lib/rack/sendfile.rb:112:in `call'
  railties (4.1.1) lib/rails/engine.rb:514:in `call'
  railties (4.1.1) lib/rails/application.rb:144:in `call'
  rack (1.5.2) lib/rack/lock.rb:17:in `call'
  rack (1.5.2) lib/rack/content_length.rb:14:in `call'
  rack (1.5.2) lib/rack/handler/webrick.rb:60:in `service'
  /home/ivan/.rvm/rubies/ruby-2.1.2/lib/ruby/2.1.0/webrick/httpserver.rb:138:in `service'
  /home/ivan/.rvm/rubies/ruby-2.1.2/lib/ruby/2.1.0/webrick/httpserver.rb:94:in `run'
  /home/ivan/.rvm/rubies/ruby-2.1.2/lib/ruby/2.1.0/webrick/server.rb:295:in `block in start_thread'


  Rendered /home/ivan/.rvm/gems/ruby-2.1.2/gems/actionpack-4.1.1/lib/action_dispatch/middleware/templates/rescues/_source.erb (0.9ms)
  Rendered /home/ivan/.rvm/gems/ruby-2.1.2/gems/actionpack-4.1.1/lib/action_dispatch/middleware/templates/rescues/_trace.html.erb (11.8ms)
  Rendered /home/ivan/.rvm/gems/ruby-2.1.2/gems/actionpack-4.1.1/lib/action_dispatch/middleware/templates/rescues/_request_and_response.html.erb (1.3ms)
  Rendered /home/ivan/.rvm/gems/ruby-2.1.2/gems/actionpack-4.1.1/lib/action_dispatch/middleware/templates/rescues/diagnostics.erb within rescues/layout (32.7ms)


Started GET "/" for 127.0.0.1 at 2015-03-09 19:23:26 +0100
Processing by Rails::WelcomeController#index as HTML
  Rendered /home/ivan/.rvm/gems/ruby-2.1.2/gems/railties-4.1.1/lib/rails/templates/rails/welcome/index.html.erb (2.2ms)
Completed 200 OK in 39ms (Views: 11.7ms | ActiveRecord: 0.0ms)


Started GET "/about" for 127.0.0.1 at 2015-03-09 19:40:52 +0100

ActionController::RoutingError (No route matches [GET] "/about"):
  actionpack (4.1.1) lib/action_dispatch/middleware/debug_exceptions.rb:21:in `call'
  actionpack (4.1.1) lib/action_dispatch/middleware/show_exceptions.rb:30:in `call'
  railties (4.1.1) lib/rails/rack/logger.rb:38:in `call_app'
  railties (4.1.1) lib/rails/rack/logger.rb:20:in `block in call'
  activesupport (4.1.1) lib/active_support/tagged_logging.rb:68:in `block in tagged'
  activesupport (4.1.1) lib/active_support/tagged_logging.rb:26:in `tagged'
  activesupport (4.1.1) lib/active_support/tagged_logging.rb:68:in `tagged'
  railties (4.1.1) lib/rails/rack/logger.rb:20:in `call'
  actionpack (4.1.1) lib/action_dispatch/middleware/request_id.rb:21:in `call'
  rack (1.5.2) lib/rack/methodoverride.rb:21:in `call'
  rack (1.5.2) lib/rack/runtime.rb:17:in `call'
  activesupport (4.1.1) lib/active_support/cache/strategy/local_cache_middleware.rb:26:in `call'
  rack (1.5.2) lib/rack/lock.rb:17:in `call'
  actionpack (4.1.1) lib/action_dispatch/middleware/static.rb:64:in `call'
  rack (1.5.2) lib/rack/sendfile.rb:112:in `call'
  railties (4.1.1) lib/rails/engine.rb:514:in `call'
  railties (4.1.1) lib/rails/application.rb:144:in `call'
  rack (1.5.2) lib/rack/lock.rb:17:in `call'
  rack (1.5.2) lib/rack/content_length.rb:14:in `call'
  rack (1.5.2) lib/rack/handler/webrick.rb:60:in `service'
  /home/ivan/.rvm/rubies/ruby-2.1.2/lib/ruby/2.1.0/webrick/httpserver.rb:138:in `service'
  /home/ivan/.rvm/rubies/ruby-2.1.2/lib/ruby/2.1.0/webrick/httpserver.rb:94:in `run'
  /home/ivan/.rvm/rubies/ruby-2.1.2/lib/ruby/2.1.0/webrick/server.rb:295:in `block in start_thread'


  Rendered /home/ivan/.rvm/gems/ruby-2.1.2/gems/actionpack-4.1.1/lib/action_dispatch/middleware/templates/rescues/_trace.html.erb (1.7ms)
  Rendered /home/ivan/.rvm/gems/ruby-2.1.2/gems/actionpack-4.1.1/lib/action_dispatch/middleware/templates/routes/_route.html.erb (1.1ms)
  Rendered /home/ivan/.rvm/gems/ruby-2.1.2/gems/actionpack-4.1.1/lib/action_dispatch/middleware/templates/routes/_table.html.erb (10.9ms)
  Rendered /home/ivan/.rvm/gems/ruby-2.1.2/gems/actionpack-4.1.1/lib/action_dispatch/middleware/templates/rescues/routing_error.html.erb within rescues/layout (57.9ms)


Started GET "/" for 127.0.0.1 at 2015-03-09 19:42:00 +0100
Processing by Rails::WelcomeController#index as HTML
  Rendered /home/ivan/.rvm/gems/ruby-2.1.2/gems/railties-4.1.1/lib/rails/templates/rails/welcome/index.html.erb (1.2ms)
Completed 200 OK in 31ms (Views: 2.8ms | ActiveRecord: 0.0ms)


Started GET "/about" for 127.0.0.1 at 2015-03-09 19:42:05 +0100

ActionController::RoutingError (No route matches [GET] "/about"):
  actionpack (4.1.1) lib/action_dispatch/middleware/debug_exceptions.rb:21:in `call'
  actionpack (4.1.1) lib/action_dispatch/middleware/show_exceptions.rb:30:in `call'
  railties (4.1.1) lib/rails/rack/logger.rb:38:in `call_app'
  railties (4.1.1) lib/rails/rack/logger.rb:20:in `block in call'
  activesupport (4.1.1) lib/active_support/tagged_logging.rb:68:in `block in tagged'
  activesupport (4.1.1) lib/active_support/tagged_logging.rb:26:in `tagged'
  activesupport (4.1.1) lib/active_support/tagged_logging.rb:68:in `tagged'
  railties (4.1.1) lib/rails/rack/logger.rb:20:in `call'
  actionpack (4.1.1) lib/action_dispatch/middleware/request_id.rb:21:in `call'
  rack (1.5.2) lib/rack/methodoverride.rb:21:in `call'
  rack (1.5.2) lib/rack/runtime.rb:17:in `call'
  activesupport (4.1.1) lib/active_support/cache/strategy/local_cache_middleware.rb:26:in `call'
  rack (1.5.2) lib/rack/lock.rb:17:in `call'
  actionpack (4.1.1) lib/action_dispatch/middleware/static.rb:64:in `call'
  rack (1.5.2) lib/rack/sendfile.rb:112:in `call'
  railties (4.1.1) lib/rails/engine.rb:514:in `call'
  railties (4.1.1) lib/rails/application.rb:144:in `call'
  rack (1.5.2) lib/rack/lock.rb:17:in `call'
  rack (1.5.2) lib/rack/content_length.rb:14:in `call'
  rack (1.5.2) lib/rack/handler/webrick.rb:60:in `service'
  /home/ivan/.rvm/rubies/ruby-2.1.2/lib/ruby/2.1.0/webrick/httpserver.rb:138:in `service'
  /home/ivan/.rvm/rubies/ruby-2.1.2/lib/ruby/2.1.0/webrick/httpserver.rb:94:in `run'
  /home/ivan/.rvm/rubies/ruby-2.1.2/lib/ruby/2.1.0/webrick/server.rb:295:in `block in start_thread'


  Rendered /home/ivan/.rvm/gems/ruby-2.1.2/gems/actionpack-4.1.1/lib/action_dispatch/middleware/templates/rescues/_trace.html.erb (1.7ms)
  Rendered /home/ivan/.rvm/gems/ruby-2.1.2/gems/actionpack-4.1.1/lib/action_dispatch/middleware/templates/routes/_route.html.erb (1.2ms)
  Rendered /home/ivan/.rvm/gems/ruby-2.1.2/gems/actionpack-4.1.1/lib/action_dispatch/middleware/templates/routes/_table.html.erb (1.7ms)
  Rendered /home/ivan/.rvm/gems/ruby-2.1.2/gems/actionpack-4.1.1/lib/action_dispatch/middleware/templates/rescues/routing_error.html.erb within rescues/layout (27.1ms)


Started GET "/about" for 127.0.0.1 at 2015-03-09 19:44:45 +0100

ActionController::RoutingError (No route matches [GET] "/about"):
  actionpack (4.1.1) lib/action_dispatch/middleware/debug_exceptions.rb:21:in `call'
  actionpack (4.1.1) lib/action_dispatch/middleware/show_exceptions.rb:30:in `call'
  railties (4.1.1) lib/rails/rack/logger.rb:38:in `call_app'
  railties (4.1.1) lib/rails/rack/logger.rb:20:in `block in call'
  activesupport (4.1.1) lib/active_support/tagged_logging.rb:68:in `block in tagged'
  activesupport (4.1.1) lib/active_support/tagged_logging.rb:26:in `tagged'
  activesupport (4.1.1) lib/active_support/tagged_logging.rb:68:in `tagged'
  railties (4.1.1) lib/rails/rack/logger.rb:20:in `call'
  actionpack (4.1.1) lib/action_dispatch/middleware/request_id.rb:21:in `call'
  rack (1.5.2) lib/rack/methodoverride.rb:21:in `call'
  rack (1.5.2) lib/rack/runtime.rb:17:in `call'
  activesupport (4.1.1) lib/active_support/cache/strategy/local_cache_middleware.rb:26:in `call'
  rack (1.5.2) lib/rack/lock.rb:17:in `call'
  actionpack (4.1.1) lib/action_dispatch/middleware/static.rb:64:in `call'
  rack (1.5.2) lib/rack/sendfile.rb:112:in `call'
  railties (4.1.1) lib/rails/engine.rb:514:in `call'
  railties (4.1.1) lib/rails/application.rb:144:in `call'
  rack (1.5.2) lib/rack/lock.rb:17:in `call'
  rack (1.5.2) lib/rack/content_length.rb:14:in `call'
  rack (1.5.2) lib/rack/handler/webrick.rb:60:in `service'
  /home/ivan/.rvm/rubies/ruby-2.1.2/lib/ruby/2.1.0/webrick/httpserver.rb:138:in `service'
  /home/ivan/.rvm/rubies/ruby-2.1.2/lib/ruby/2.1.0/webrick/httpserver.rb:94:in `run'
  /home/ivan/.rvm/rubies/ruby-2.1.2/lib/ruby/2.1.0/webrick/server.rb:295:in `block in start_thread'


  Rendered /home/ivan/.rvm/gems/ruby-2.1.2/gems/actionpack-4.1.1/lib/action_dispatch/middleware/templates/rescues/_trace.html.erb (1.7ms)
  Rendered /home/ivan/.rvm/gems/ruby-2.1.2/gems/actionpack-4.1.1/lib/action_dispatch/middleware/templates/routes/_route.html.erb (1.2ms)
  Rendered /home/ivan/.rvm/gems/ruby-2.1.2/gems/actionpack-4.1.1/lib/action_dispatch/middleware/templates/routes/_table.html.erb (7.6ms)
  Rendered /home/ivan/.rvm/gems/ruby-2.1.2/gems/actionpack-4.1.1/lib/action_dispatch/middleware/templates/rescues/routing_error.html.erb within rescues/layout (32.6ms)


Started GET "/about/" for 127.0.0.1 at 2015-03-09 19:44:57 +0100

ActionController::RoutingError (No route matches [GET] "/about"):
  actionpack (4.1.1) lib/action_dispatch/middleware/debug_exceptions.rb:21:in `call'
  actionpack (4.1.1) lib/action_dispatch/middleware/show_exceptions.rb:30:in `call'
  railties (4.1.1) lib/rails/rack/logger.rb:38:in `call_app'
  railties (4.1.1) lib/rails/rack/logger.rb:20:in `block in call'
  activesupport (4.1.1) lib/active_support/tagged_logging.rb:68:in `block in tagged'
  activesupport (4.1.1) lib/active_support/tagged_logging.rb:26:in `tagged'
  activesupport (4.1.1) lib/active_support/tagged_logging.rb:68:in `tagged'
  railties (4.1.1) lib/rails/rack/logger.rb:20:in `call'
  actionpack (4.1.1) lib/action_dispatch/middleware/request_id.rb:21:in `call'
  rack (1.5.2) lib/rack/methodoverride.rb:21:in `call'
  rack (1.5.2) lib/rack/runtime.rb:17:in `call'
  activesupport (4.1.1) lib/active_support/cache/strategy/local_cache_middleware.rb:26:in `call'
  rack (1.5.2) lib/rack/lock.rb:17:in `call'
  actionpack (4.1.1) lib/action_dispatch/middleware/static.rb:64:in `call'
  rack (1.5.2) lib/rack/sendfile.rb:112:in `call'
  railties (4.1.1) lib/rails/engine.rb:514:in `call'
  railties (4.1.1) lib/rails/application.rb:144:in `call'
  rack (1.5.2) lib/rack/lock.rb:17:in `call'
  rack (1.5.2) lib/rack/content_length.rb:14:in `call'
  rack (1.5.2) lib/rack/handler/webrick.rb:60:in `service'
  /home/ivan/.rvm/rubies/ruby-2.1.2/lib/ruby/2.1.0/webrick/httpserver.rb:138:in `service'
  /home/ivan/.rvm/rubies/ruby-2.1.2/lib/ruby/2.1.0/webrick/httpserver.rb:94:in `run'
  /home/ivan/.rvm/rubies/ruby-2.1.2/lib/ruby/2.1.0/webrick/server.rb:295:in `block in start_thread'


  Rendered /home/ivan/.rvm/gems/ruby-2.1.2/gems/actionpack-4.1.1/lib/action_dispatch/middleware/templates/rescues/_trace.html.erb (1.6ms)
  Rendered /home/ivan/.rvm/gems/ruby-2.1.2/gems/actionpack-4.1.1/lib/action_dispatch/middleware/templates/routes/_route.html.erb (1.1ms)
  Rendered /home/ivan/.rvm/gems/ruby-2.1.2/gems/actionpack-4.1.1/lib/action_dispatch/middleware/templates/routes/_table.html.erb (1.5ms)
  Rendered /home/ivan/.rvm/gems/ruby-2.1.2/gems/actionpack-4.1.1/lib/action_dispatch/middleware/templates/rescues/routing_error.html.erb within rescues/layout (22.5ms)


Started GET "/" for 127.0.0.1 at 2015-03-09 19:45:01 +0100
Processing by Rails::WelcomeController#index as HTML
  Rendered /home/ivan/.rvm/gems/ruby-2.1.2/gems/railties-4.1.1/lib/rails/templates/rails/welcome/index.html.erb (1.3ms)
Completed 200 OK in 35ms (Views: 3.0ms | ActiveRecord: 0.0ms)


Started GET "/about" for 127.0.0.1 at 2015-03-09 19:45:06 +0100

ActionController::RoutingError (No route matches [GET] "/about"):
  actionpack (4.1.1) lib/action_dispatch/middleware/debug_exceptions.rb:21:in `call'
  actionpack (4.1.1) lib/action_dispatch/middleware/show_exceptions.rb:30:in `call'
  railties (4.1.1) lib/rails/rack/logger.rb:38:in `call_app'
  railties (4.1.1) lib/rails/rack/logger.rb:20:in `block in call'
  activesupport (4.1.1) lib/active_support/tagged_logging.rb:68:in `block in tagged'
  activesupport (4.1.1) lib/active_support/tagged_logging.rb:26:in `tagged'
  activesupport (4.1.1) lib/active_support/tagged_logging.rb:68:in `tagged'
  railties (4.1.1) lib/rails/rack/logger.rb:20:in `call'
  actionpack (4.1.1) lib/action_dispatch/middleware/request_id.rb:21:in `call'
  rack (1.5.2) lib/rack/methodoverride.rb:21:in `call'
  rack (1.5.2) lib/rack/runtime.rb:17:in `call'
  activesupport (4.1.1) lib/active_support/cache/strategy/local_cache_middleware.rb:26:in `call'
  rack (1.5.2) lib/rack/lock.rb:17:in `call'
  actionpack (4.1.1) lib/action_dispatch/middleware/static.rb:64:in `call'
  rack (1.5.2) lib/rack/sendfile.rb:112:in `call'
  railties (4.1.1) lib/rails/engine.rb:514:in `call'
  railties (4.1.1) lib/rails/application.rb:144:in `call'
  rack (1.5.2) lib/rack/lock.rb:17:in `call'
  rack (1.5.2) lib/rack/content_length.rb:14:in `call'
  rack (1.5.2) lib/rack/handler/webrick.rb:60:in `service'
  /home/ivan/.rvm/rubies/ruby-2.1.2/lib/ruby/2.1.0/webrick/httpserver.rb:138:in `service'
  /home/ivan/.rvm/rubies/ruby-2.1.2/lib/ruby/2.1.0/webrick/httpserver.rb:94:in `run'
  /home/ivan/.rvm/rubies/ruby-2.1.2/lib/ruby/2.1.0/webrick/server.rb:295:in `block in start_thread'


  Rendered /home/ivan/.rvm/gems/ruby-2.1.2/gems/actionpack-4.1.1/lib/action_dispatch/middleware/templates/rescues/_trace.html.erb (1.7ms)
  Rendered /home/ivan/.rvm/gems/ruby-2.1.2/gems/actionpack-4.1.1/lib/action_dispatch/middleware/templates/routes/_route.html.erb (1.2ms)
  Rendered /home/ivan/.rvm/gems/ruby-2.1.2/gems/actionpack-4.1.1/lib/action_dispatch/middleware/templates/routes/_table.html.erb (1.7ms)
  Rendered /home/ivan/.rvm/gems/ruby-2.1.2/gems/actionpack-4.1.1/lib/action_dispatch/middleware/templates/rescues/routing_error.html.erb within rescues/layout (23.0ms)


Started GET "/about" for 127.0.0.1 at 2015-03-09 19:47:46 +0100

ActionController::RoutingError (No route matches [GET] "/about"):
  actionpack (4.1.1) lib/action_dispatch/middleware/debug_exceptions.rb:21:in `call'
  actionpack (4.1.1) lib/action_dispatch/middleware/show_exceptions.rb:30:in `call'
  railties (4.1.1) lib/rails/rack/logger.rb:38:in `call_app'
  railties (4.1.1) lib/rails/rack/logger.rb:20:in `block in call'
  activesupport (4.1.1) lib/active_support/tagged_logging.rb:68:in `block in tagged'
  activesupport (4.1.1) lib/active_support/tagged_logging.rb:26:in `tagged'
  activesupport (4.1.1) lib/active_support/tagged_logging.rb:68:in `tagged'
  railties (4.1.1) lib/rails/rack/logger.rb:20:in `call'
  actionpack (4.1.1) lib/action_dispatch/middleware/request_id.rb:21:in `call'
  rack (1.5.2) lib/rack/methodoverride.rb:21:in `call'
  rack (1.5.2) lib/rack/runtime.rb:17:in `call'
  activesupport (4.1.1) lib/active_support/cache/strategy/local_cache_middleware.rb:26:in `call'
  rack (1.5.2) lib/rack/lock.rb:17:in `call'
  actionpack (4.1.1) lib/action_dispatch/middleware/static.rb:64:in `call'
  rack (1.5.2) lib/rack/sendfile.rb:112:in `call'
  railties (4.1.1) lib/rails/engine.rb:514:in `call'
  railties (4.1.1) lib/rails/application.rb:144:in `call'
  rack (1.5.2) lib/rack/lock.rb:17:in `call'
  rack (1.5.2) lib/rack/content_length.rb:14:in `call'
  rack (1.5.2) lib/rack/handler/webrick.rb:60:in `service'
  /home/ivan/.rvm/rubies/ruby-2.1.2/lib/ruby/2.1.0/webrick/httpserver.rb:138:in `service'
  /home/ivan/.rvm/rubies/ruby-2.1.2/lib/ruby/2.1.0/webrick/httpserver.rb:94:in `run'
  /home/ivan/.rvm/rubies/ruby-2.1.2/lib/ruby/2.1.0/webrick/server.rb:295:in `block in start_thread'


  Rendered /home/ivan/.rvm/gems/ruby-2.1.2/gems/actionpack-4.1.1/lib/action_dispatch/middleware/templates/rescues/_trace.html.erb (1.7ms)
  Rendered /home/ivan/.rvm/gems/ruby-2.1.2/gems/actionpack-4.1.1/lib/action_dispatch/middleware/templates/routes/_route.html.erb (4.1ms)
  Rendered /home/ivan/.rvm/gems/ruby-2.1.2/gems/actionpack-4.1.1/lib/action_dispatch/middleware/templates/routes/_table.html.erb (1.6ms)
  Rendered /home/ivan/.rvm/gems/ruby-2.1.2/gems/actionpack-4.1.1/lib/action_dispatch/middleware/templates/rescues/routing_error.html.erb within rescues/layout (28.1ms)


Started GET "/about/index" for 127.0.0.1 at 2015-03-09 19:52:39 +0100
Processing by AboutController#index as HTML
  Rendered about/index.html.erb within layouts/application (1.4ms)
Completed 200 OK in 1285ms (Views: 1257.0ms | ActiveRecord: 0.0ms)


Started GET "/assets/about.css?body=1" for 127.0.0.1 at 2015-03-09 19:52:40 +0100


Started GET "/assets/application.css?body=1" for 127.0.0.1 at 2015-03-09 19:52:40 +0100


Started GET "/assets/jquery.js?body=1" for 127.0.0.1 at 2015-03-09 19:52:40 +0100


Started GET "/assets/turbolinks.js?body=1" for 127.0.0.1 at 2015-03-09 19:52:40 +0100


Started GET "/assets/jquery_ujs.js?body=1" for 127.0.0.1 at 2015-03-09 19:52:41 +0100


Started GET "/assets/about.js?body=1" for 127.0.0.1 at 2015-03-09 19:52:41 +0100


Started GET "/assets/application.js?body=1" for 127.0.0.1 at 2015-03-09 19:52:41 +0100


Started GET "/about/index" for 127.0.0.1 at 2015-03-09 19:59:26 +0100
Processing by AboutController#index as HTML
  Rendered about/index.html.erb within layouts/application (0.7ms)
Completed 200 OK in 86ms (Views: 85.2ms | ActiveRecord: 0.0ms)


Started GET "/assets/about.css?body=1" for 127.0.0.1 at 2015-03-09 19:59:26 +0100


Started GET "/assets/style.css?body=1" for 127.0.0.1 at 2015-03-09 19:59:26 +0100


Started GET "/assets/about.js?body=1" for 127.0.0.1 at 2015-03-09 19:59:26 +0100


Started GET "/assets/jquery.js?body=1" for 127.0.0.1 at 2015-03-09 19:59:26 +0100


Started GET "/assets/turbolinks.js?body=1" for 127.0.0.1 at 2015-03-09 19:59:26 +0100


Started GET "/assets/jquery_ujs.js?body=1" for 127.0.0.1 at 2015-03-09 19:59:26 +0100


Started GET "/assets/application.css?body=1" for 127.0.0.1 at 2015-03-09 19:59:26 +0100


Started GET "/assets/application.js?body=1" for 127.0.0.1 at 2015-03-09 19:59:26 +0100


Started GET "/about/index" for 127.0.0.1 at 2015-03-09 20:02:14 +0100
Processing by AboutController#index as HTML
  Rendered about/index.html.erb within layouts/application (1.4ms)
Completed 200 OK in 143ms (Views: 115.1ms | ActiveRecord: 0.0ms)


Started GET "/assets/about.css?body=1" for 127.0.0.1 at 2015-03-09 20:02:14 +0100


Started GET "/assets/application.css?body=1" for 127.0.0.1 at 2015-03-09 20:02:14 +0100


Started GET "/assets/style.css?body=1" for 127.0.0.1 at 2015-03-09 20:02:14 +0100


Started GET "/assets/jquery.js?body=1" for 127.0.0.1 at 2015-03-09 20:02:14 +0100


Started GET "/assets/jquery_ujs.js?body=1" for 127.0.0.1 at 2015-03-09 20:02:14 +0100


Started GET "/assets/turbolinks.js?body=1" for 127.0.0.1 at 2015-03-09 20:02:14 +0100


Started GET "/assets/about.js?body=1" for 127.0.0.1 at 2015-03-09 20:02:14 +0100


Started GET "/assets/application.js?body=1" for 127.0.0.1 at 2015-03-09 20:02:14 +0100


Started GET "/about/index" for 127.0.0.1 at 2015-03-09 20:06:07 +0100
Processing by AboutController#index as HTML
  Rendered about/index.html.erb within layouts/application (0.1ms)
Completed 200 OK in 66ms (Views: 65.4ms | ActiveRecord: 0.0ms)


Started GET "/assets/about.css?body=1" for 127.0.0.1 at 2015-03-09 20:06:07 +0100


Started GET "/assets/application.css?body=1" for 127.0.0.1 at 2015-03-09 20:06:07 +0100


Started GET "/assets/style.css?body=1" for 127.0.0.1 at 2015-03-09 20:06:07 +0100


Started GET "/assets/jquery_ujs.js?body=1" for 127.0.0.1 at 2015-03-09 20:06:07 +0100


Started GET "/assets/application.js?body=1" for 127.0.0.1 at 2015-03-09 20:06:07 +0100


Started GET "/assets/about.js?body=1" for 127.0.0.1 at 2015-03-09 20:06:07 +0100


Started GET "/assets/turbolinks.js?body=1" for 127.0.0.1 at 2015-03-09 20:06:07 +0100


Started GET "/assets/jquery.js?body=1" for 127.0.0.1 at 2015-03-09 20:06:07 +0100


Started GET "/about/index" for 127.0.0.1 at 2015-03-09 20:06:10 +0100
Processing by AboutController#index as HTML
  Rendered about/index.html.erb within layouts/application (0.1ms)
Completed 200 OK in 108ms (Views: 107.4ms | ActiveRecord: 0.0ms)


Started GET "/assets/about.css?body=1" for 127.0.0.1 at 2015-03-09 20:06:10 +0100


Started GET "/assets/style.css?body=1" for 127.0.0.1 at 2015-03-09 20:06:10 +0100


Started GET "/assets/application.css?body=1" for 127.0.0.1 at 2015-03-09 20:06:10 +0100


Started GET "/assets/jquery_ujs.js?body=1" for 127.0.0.1 at 2015-03-09 20:06:10 +0100


Started GET "/assets/jquery.js?body=1" for 127.0.0.1 at 2015-03-09 20:06:10 +0100


Started GET "/assets/about.js?body=1" for 127.0.0.1 at 2015-03-09 20:06:10 +0100


Started GET "/assets/application.js?body=1" for 127.0.0.1 at 2015-03-09 20:06:10 +0100


Started GET "/assets/turbolinks.js?body=1" for 127.0.0.1 at 2015-03-09 20:06:10 +0100


Started GET "/about/index" for 127.0.0.1 at 2015-03-09 20:06:22 +0100
Processing by AboutController#index as HTML
  Rendered about/index.html.erb within layouts/application (0.1ms)
Completed 200 OK in 65ms (Views: 64.3ms | ActiveRecord: 0.0ms)


Started GET "/assets/about.css?body=1" for 127.0.0.1 at 2015-03-09 20:06:22 +0100


Started GET "/assets/style.css?body=1" for 127.0.0.1 at 2015-03-09 20:06:22 +0100


Started GET "/assets/jquery.js?body=1" for 127.0.0.1 at 2015-03-09 20:06:22 +0100


Started GET "/assets/jquery_ujs.js?body=1" for 127.0.0.1 at 2015-03-09 20:06:22 +0100


Started GET "/assets/about.js?body=1" for 127.0.0.1 at 2015-03-09 20:06:22 +0100


Started GET "/assets/turbolinks.js?body=1" for 127.0.0.1 at 2015-03-09 20:06:22 +0100


Started GET "/assets/application.css?body=1" for 127.0.0.1 at 2015-03-09 20:06:22 +0100


Started GET "/assets/application.js?body=1" for 127.0.0.1 at 2015-03-09 20:06:22 +0100


Started GET "/about/index" for 127.0.0.1 at 2015-03-09 20:06:22 +0100
Processing by AboutController#index as HTML
  Rendered about/index.html.erb within layouts/application (0.1ms)
Completed 200 OK in 72ms (Views: 71.1ms | ActiveRecord: 0.0ms)


Started GET "/assets/about.css?body=1" for 127.0.0.1 at 2015-03-09 20:06:22 +0100


Started GET "/assets/style.css?body=1" for 127.0.0.1 at 2015-03-09 20:06:22 +0100


Started GET "/assets/jquery.js?body=1" for 127.0.0.1 at 2015-03-09 20:06:22 +0100


Started GET "/assets/application.css?body=1" for 127.0.0.1 at 2015-03-09 20:06:22 +0100


Started GET "/assets/jquery_ujs.js?body=1" for 127.0.0.1 at 2015-03-09 20:06:22 +0100


Started GET "/assets/about.js?body=1" for 127.0.0.1 at 2015-03-09 20:06:22 +0100


Started GET "/assets/turbolinks.js?body=1" for 127.0.0.1 at 2015-03-09 20:06:22 +0100


Started GET "/assets/application.js?body=1" for 127.0.0.1 at 2015-03-09 20:06:22 +0100


Started GET "/about/index" for 127.0.0.1 at 2015-03-09 20:06:37 +0100
Processing by AboutController#index as HTML
  Rendered about/index.html.erb within layouts/application (0.1ms)
Completed 200 OK in 71ms (Views: 70.2ms | ActiveRecord: 0.0ms)


Started GET "/assets/style.css?body=1" for 127.0.0.1 at 2015-03-09 20:06:37 +0100


Started GET "/assets/turbolinks.js?body=1" for 127.0.0.1 at 2015-03-09 20:06:37 +0100


Started GET "/assets/application.css?body=1" for 127.0.0.1 at 2015-03-09 20:06:37 +0100


Started GET "/assets/jquery_ujs.js?body=1" for 127.0.0.1 at 2015-03-09 20:06:37 +0100


Started GET "/assets/jquery.js?body=1" for 127.0.0.1 at 2015-03-09 20:06:37 +0100


Started GET "/assets/about.css?body=1" for 127.0.0.1 at 2015-03-09 20:06:37 +0100


Started GET "/assets/about.js?body=1" for 127.0.0.1 at 2015-03-09 20:06:37 +0100


Started GET "/assets/application.js?body=1" for 127.0.0.1 at 2015-03-09 20:06:37 +0100


Started GET "/about/index" for 127.0.0.1 at 2015-03-09 20:08:58 +0100
Processing by AboutController#index as HTML
  Rendered about/index.html.erb within layouts/application (0.1ms)
Completed 500 Internal Server Error in 21ms

SyntaxError (/home/ivan/projects/nauticos/app/views/layouts/application.html.erb:9: unknown regexp options - had
/home/ivan/projects/nauticos/app/views/layouts/application.html.erb:10: syntax error, unexpected '<'
<body>
 ^
/home/ivan/projects/nauticos/app/views/layouts/application.html.erb:12: syntax error, unexpected '<'
    <h1 id="logo">Miniemporium&trade;</h1>
     ^
/home/ivan/projects/nauticos/app/views/layouts/application.html.erb:12: syntax error, unexpected '<', expecting ')'
    <h1 id="logo">Miniemporium&trade;</h1>
                                      ^
/home/ivan/projects/nauticos/app/views/layouts/application.html.erb:13: unknown regexp option - h
/home/ivan/projects/nauticos/app/views/layouts/application.html.erb:13: syntax error, unexpected tINTEGER, expecting ')'
    <h2 id="slogan">Books on Rails</h2>
                                      ^
/home/ivan/projects/nauticos/app/views/layouts/application.html.erb:18: unknown regexp options - ad
/home/ivan/projects/nauticos/app/views/layouts/application.html.erb:18: syntax error, unexpected tSTRING_BEG, expecting keyword_do or '{' or '('
      <li><a href="/admin/author">Authors</a>&nbsp;|&nbsp;</li>
                                 ^
/home/ivan/projects/nauticos/app/views/layouts/application.html.erb:19: syntax error, unexpected tSTRING_BEG, expecting keyword_do or '{' or '('
      <li><a href="/admin/publisher">Publishers</a>&nbsp;|&nbsp;</li>
                                    ^
/home/ivan/projects/nauticos/app/views/layouts/application.html.erb:20: syntax error, unexpected tSTRING_BEG, expecting keyword_do or '{' or '('
      <li><a href="/admin/book">Books</a>&nbsp;|&nbsp;</li>
                               ^
/home/ivan/projects/nauticos/app/views/layouts/application.html.erb:21: syntax error, unexpected tSTRING_BEG, expecting keyword_do or '{' or '('
      <li><a href="/admin/order">Orders</a>&nbsp;|&nbsp;</li>
                                ^
/home/ivan/projects/nauticos/app/views/layouts/application.html.erb:23: syntax error, unexpected tSTRING_BEG, expecting keyword_do or '{' or '('
      <li><a href="/about">About</a>&nbsp;</li>
                          ^
/home/ivan/projects/nauticos/app/views/layouts/application.html.erb:27: syntax error, unexpected tIDENTIFIER, expecting ')'
  <div id="content">
                  ^
/home/ivan/projects/nauticos/app/views/layouts/application.html.erb:30: syntax error, unexpected tIDENTIFIER, expecting ')'
...e_append='      <div id="notice">'.freeze;@output_buffer.app...
...                               ^
/home/ivan/projects/nauticos/app/views/layouts/application.html.erb:36: syntax error, unexpected tIDENTIFIER, expecting ')'
...end='    <div id="shopping_cart">'.freeze;@output_buffer.app...
...                               ^
/home/ivan/projects/nauticos/app/views/layouts/application.html.erb:39: syntax error, unexpected tIDENTIFIER, expecting ')'
  <div id="footer">
                 ^
/home/ivan/projects/nauticos/app/views/layouts/application.html.erb:39: unterminated string meets end of file
/home/ivan/projects/nauticos/app/views/layouts/application.html.erb:39: syntax error, unexpected end-of-input, expecting ')'):
  actionview (4.1.1) lib/action_view/template.rb:297:in `module_eval'
  actionview (4.1.1) lib/action_view/template.rb:297:in `compile'
  actionview (4.1.1) lib/action_view/template.rb:245:in `block (2 levels) in compile!'
  activesupport (4.1.1) lib/active_support/notifications.rb:161:in `instrument'
  actionview (4.1.1) lib/action_view/template.rb:339:in `instrument'
  actionview (4.1.1) lib/action_view/template.rb:244:in `block in compile!'
  actionview (4.1.1) lib/action_view/template.rb:232:in `synchronize'
  actionview (4.1.1) lib/action_view/template.rb:232:in `compile!'
  actionview (4.1.1) lib/action_view/template.rb:144:in `block in render'
  activesupport (4.1.1) lib/active_support/notifications.rb:161:in `instrument'
  actionview (4.1.1) lib/action_view/template.rb:339:in `instrument'
  actionview (4.1.1) lib/action_view/template.rb:143:in `render'
  actionview (4.1.1) lib/action_view/renderer/template_renderer.rb:67:in `render_with_layout'
  actionview (4.1.1) lib/action_view/renderer/template_renderer.rb:53:in `render_template'
  actionview (4.1.1) lib/action_view/renderer/template_renderer.rb:17:in `render'
  actionview (4.1.1) lib/action_view/renderer/renderer.rb:42:in `render_template'
  actionview (4.1.1) lib/action_view/renderer/renderer.rb:23:in `render'
  actionview (4.1.1) lib/action_view/rendering.rb:99:in `_render_template'
  actionpack (4.1.1) lib/action_controller/metal/streaming.rb:217:in `_render_template'
  actionview (4.1.1) lib/action_view/rendering.rb:82:in `render_to_body'
  actionpack (4.1.1) lib/action_controller/metal/rendering.rb:32:in `render_to_body'
  actionpack (4.1.1) lib/action_controller/metal/renderers.rb:32:in `render_to_body'
  actionpack (4.1.1) lib/abstract_controller/rendering.rb:25:in `render'
  actionpack (4.1.1) lib/action_controller/metal/rendering.rb:16:in `render'
  actionpack (4.1.1) lib/action_controller/metal/instrumentation.rb:41:in `block (2 levels) in render'
  activesupport (4.1.1) lib/active_support/core_ext/benchmark.rb:12:in `block in ms'
  /home/ivan/.rvm/rubies/ruby-2.1.2/lib/ruby/2.1.0/benchmark.rb:294:in `realtime'
  activesupport (4.1.1) lib/active_support/core_ext/benchmark.rb:12:in `ms'
  actionpack (4.1.1) lib/action_controller/metal/instrumentation.rb:41:in `block in render'
  actionpack (4.1.1) lib/action_controller/metal/instrumentation.rb:84:in `cleanup_view_runtime'
  activerecord (4.1.1) lib/active_record/railties/controller_runtime.rb:25:in `cleanup_view_runtime'
  actionpack (4.1.1) lib/action_controller/metal/instrumentation.rb:40:in `render'
  actionpack (4.1.1) lib/action_controller/metal/implicit_render.rb:10:in `default_render'
  actionpack (4.1.1) lib/action_controller/metal/implicit_render.rb:5:in `send_action'
  actionpack (4.1.1) lib/abstract_controller/base.rb:189:in `process_action'
  actionpack (4.1.1) lib/action_controller/metal/rendering.rb:10:in `process_action'
  actionpack (4.1.1) lib/abstract_controller/callbacks.rb:20:in `block in process_action'
  activesupport (4.1.1) lib/active_support/callbacks.rb:113:in `call'
  activesupport (4.1.1) lib/active_support/callbacks.rb:113:in `call'
  activesupport (4.1.1) lib/active_support/callbacks.rb:229:in `block in halting'
  activesupport (4.1.1) lib/active_support/callbacks.rb:229:in `call'
  activesupport (4.1.1) lib/active_support/callbacks.rb:229:in `block in halting'
  activesupport (4.1.1) lib/active_support/callbacks.rb:166:in `call'
  activesupport (4.1.1) lib/active_support/callbacks.rb:166:in `block in halting'
  activesupport (4.1.1) lib/active_support/callbacks.rb:166:in `call'
  activesupport (4.1.1) lib/active_support/callbacks.rb:166:in `block in halting'
  activesupport (4.1.1) lib/active_support/callbacks.rb:166:in `call'
  activesupport (4.1.1) lib/active_support/callbacks.rb:166:in `block in halting'
  activesupport (4.1.1) lib/active_support/callbacks.rb:86:in `call'
  activesupport (4.1.1) lib/active_support/callbacks.rb:86:in `run_callbacks'
  actionpack (4.1.1) lib/abstract_controller/callbacks.rb:19:in `process_action'
  actionpack (4.1.1) lib/action_controller/metal/rescue.rb:29:in `process_action'
  actionpack (4.1.1) lib/action_controller/metal/instrumentation.rb:31:in `block in process_action'
  activesupport (4.1.1) lib/active_support/notifications.rb:159:in `block in instrument'
  activesupport (4.1.1) lib/active_support/notifications/instrumenter.rb:20:in `instrument'
  activesupport (4.1.1) lib/active_support/notifications.rb:159:in `instrument'
  actionpack (4.1.1) lib/action_controller/metal/instrumentation.rb:30:in `process_action'
  actionpack (4.1.1) lib/action_controller/metal/params_wrapper.rb:250:in `process_action'
  activerecord (4.1.1) lib/active_record/railties/controller_runtime.rb:18:in `process_action'
  actionpack (4.1.1) lib/abstract_controller/base.rb:136:in `process'
  actionview (4.1.1) lib/action_view/rendering.rb:30:in `process'
  actionpack (4.1.1) lib/action_controller/metal.rb:195:in `dispatch'
  actionpack (4.1.1) lib/action_controller/metal/rack_delegation.rb:13:in `dispatch'
  actionpack (4.1.1) lib/action_controller/metal.rb:231:in `block in action'
  actionpack (4.1.1) lib/action_dispatch/routing/route_set.rb:80:in `call'
  actionpack (4.1.1) lib/action_dispatch/routing/route_set.rb:80:in `dispatch'
  actionpack (4.1.1) lib/action_dispatch/routing/route_set.rb:48:in `call'
  actionpack (4.1.1) lib/action_dispatch/journey/router.rb:71:in `block in call'
  actionpack (4.1.1) lib/action_dispatch/journey/router.rb:59:in `each'
  actionpack (4.1.1) lib/action_dispatch/journey/router.rb:59:in `call'
  actionpack (4.1.1) lib/action_dispatch/routing/route_set.rb:676:in `call'
  rack (1.5.2) lib/rack/etag.rb:23:in `call'
  rack (1.5.2) lib/rack/conditionalget.rb:25:in `call'
  rack (1.5.2) lib/rack/head.rb:11:in `call'
  actionpack (4.1.1) lib/action_dispatch/middleware/params_parser.rb:27:in `call'
  actionpack (4.1.1) lib/action_dispatch/middleware/flash.rb:254:in `call'
  rack (1.5.2) lib/rack/session/abstract/id.rb:225:in `context'
  rack (1.5.2) lib/rack/session/abstract/id.rb:220:in `call'
  actionpack (4.1.1) lib/action_dispatch/middleware/cookies.rb:560:in `call'
  activerecord (4.1.1) lib/active_record/query_cache.rb:36:in `call'
  activerecord (4.1.1) lib/active_record/connection_adapters/abstract/connection_pool.rb:621:in `call'
  activerecord (4.1.1) lib/active_record/migration.rb:380:in `call'
  actionpack (4.1.1) lib/action_dispatch/middleware/callbacks.rb:29:in `block in call'
  activesupport (4.1.1) lib/active_support/callbacks.rb:82:in `run_callbacks'
  actionpack (4.1.1) lib/action_dispatch/middleware/callbacks.rb:27:in `call'
  actionpack (4.1.1) lib/action_dispatch/middleware/reloader.rb:73:in `call'
  actionpack (4.1.1) lib/action_dispatch/middleware/remote_ip.rb:76:in `call'
  actionpack (4.1.1) lib/action_dispatch/middleware/debug_exceptions.rb:17:in `call'
  actionpack (4.1.1) lib/action_dispatch/middleware/show_exceptions.rb:30:in `call'
  railties (4.1.1) lib/rails/rack/logger.rb:38:in `call_app'
  railties (4.1.1) lib/rails/rack/logger.rb:20:in `block in call'
  activesupport (4.1.1) lib/active_support/tagged_logging.rb:68:in `block in tagged'
  activesupport (4.1.1) lib/active_support/tagged_logging.rb:26:in `tagged'
  activesupport (4.1.1) lib/active_support/tagged_logging.rb:68:in `tagged'
  railties (4.1.1) lib/rails/rack/logger.rb:20:in `call'
  actionpack (4.1.1) lib/action_dispatch/middleware/request_id.rb:21:in `call'
  rack (1.5.2) lib/rack/methodoverride.rb:21:in `call'
  rack (1.5.2) lib/rack/runtime.rb:17:in `call'
  activesupport (4.1.1) lib/active_support/cache/strategy/local_cache_middleware.rb:26:in `call'
  rack (1.5.2) lib/rack/lock.rb:17:in `call'
  actionpack (4.1.1) lib/action_dispatch/middleware/static.rb:64:in `call'
  rack (1.5.2) lib/rack/sendfile.rb:112:in `call'
  railties (4.1.1) lib/rails/engine.rb:514:in `call'
  railties (4.1.1) lib/rails/application.rb:144:in `call'
  rack (1.5.2) lib/rack/lock.rb:17:in `call'
  rack (1.5.2) lib/rack/content_length.rb:14:in `call'
  rack (1.5.2) lib/rack/handler/webrick.rb:60:in `service'
  /home/ivan/.rvm/rubies/ruby-2.1.2/lib/ruby/2.1.0/webrick/httpserver.rb:138:in `service'
  /home/ivan/.rvm/rubies/ruby-2.1.2/lib/ruby/2.1.0/webrick/httpserver.rb:94:in `run'
  /home/ivan/.rvm/rubies/ruby-2.1.2/lib/ruby/2.1.0/webrick/server.rb:295:in `block in start_thread'


  Rendered /home/ivan/.rvm/gems/ruby-2.1.2/gems/actionpack-4.1.1/lib/action_dispatch/middleware/templates/rescues/_source.erb (1.0ms)
  Rendered /home/ivan/.rvm/gems/ruby-2.1.2/gems/actionpack-4.1.1/lib/action_dispatch/middleware/templates/rescues/_trace.html.erb (2.5ms)
  Rendered /home/ivan/.rvm/gems/ruby-2.1.2/gems/actionpack-4.1.1/lib/action_dispatch/middleware/templates/rescues/_request_and_response.html.erb (1.6ms)
  Rendered /home/ivan/.rvm/gems/ruby-2.1.2/gems/actionpack-4.1.1/lib/action_dispatch/middleware/templates/rescues/diagnostics.erb within rescues/layout (24.0ms)


Started GET "/about/index" for 127.0.0.1 at 2015-03-09 20:09:16 +0100
Processing by AboutController#index as HTML
  Rendered about/index.html.erb within layouts/application (0.1ms)
Completed 200 OK in 67ms (Views: 66.5ms | ActiveRecord: 0.0ms)


Started GET "/assets/about.css?body=1" for 127.0.0.1 at 2015-03-09 20:09:16 +0100


Started GET "/assets/style.css?body=1" for 127.0.0.1 at 2015-03-09 20:09:16 +0100


Started GET "/assets/about.js?body=1" for 127.0.0.1 at 2015-03-09 20:09:16 +0100


Started GET "/assets/turbolinks.js?body=1" for 127.0.0.1 at 2015-03-09 20:09:16 +0100


Started GET "/assets/application.js?body=1" for 127.0.0.1 at 2015-03-09 20:09:16 +0100


Started GET "/assets/application.css?body=1" for 127.0.0.1 at 2015-03-09 20:09:16 +0100


Started GET "/assets/jquery_ujs.js?body=1" for 127.0.0.1 at 2015-03-09 20:09:16 +0100


Started GET "/assets/jquery.js?body=1" for 127.0.0.1 at 2015-03-09 20:09:16 +0100


Started GET "/about/index" for 127.0.0.1 at 2015-03-09 20:10:42 +0100
Processing by AboutController#index as HTML
  Rendered about/index.html.erb within layouts/application (0.1ms)
Completed 200 OK in 78ms (Views: 77.2ms | ActiveRecord: 0.0ms)


Started GET "/assets/about.css?body=1" for 127.0.0.1 at 2015-03-09 20:10:42 +0100


Started GET "/assets/style.css?body=1" for 127.0.0.1 at 2015-03-09 20:10:42 +0100


Started GET "/assets/jquery_ujs.js?body=1" for 127.0.0.1 at 2015-03-09 20:10:42 +0100


Started GET "/assets/jquery.js?body=1" for 127.0.0.1 at 2015-03-09 20:10:42 +0100


Started GET "/assets/about.js?body=1" for 127.0.0.1 at 2015-03-09 20:10:42 +0100


Started GET "/assets/application.css?body=1" for 127.0.0.1 at 2015-03-09 20:10:42 +0100


Started GET "/assets/turbolinks.js?body=1" for 127.0.0.1 at 2015-03-09 20:10:42 +0100


Started GET "/assets/application.js?body=1" for 127.0.0.1 at 2015-03-09 20:10:42 +0100


Started GET "/" for 127.0.0.1 at 2015-03-11 21:26:07 +0100
Processing by Rails::WelcomeController#index as HTML
  Rendered /home/ivan/.rvm/gems/ruby-2.1.2/gems/railties-4.1.1/lib/rails/templates/rails/welcome/index.html.erb (2.4ms)
Completed 200 OK in 79ms (Views: 51.5ms | ActiveRecord: 0.0ms)


Started GET "/about/index" for 127.0.0.1 at 2015-03-11 21:26:14 +0100
Processing by AboutController#index as HTML
  Rendered about/index.html.erb within layouts/application (0.6ms)
Completed 200 OK in 215ms (Views: 214.8ms | ActiveRecord: 0.0ms)


Started GET "/assets/about.css?body=1" for 127.0.0.1 at 2015-03-11 21:26:15 +0100


Started GET "/assets/about.js?body=1" for 127.0.0.1 at 2015-03-11 21:26:15 +0100


Started GET "/assets/jquery.js?body=1" for 127.0.0.1 at 2015-03-11 21:26:15 +0100


Started GET "/assets/application.css?body=1" for 127.0.0.1 at 2015-03-11 21:26:15 +0100


Started GET "/assets/jquery_ujs.js?body=1" for 127.0.0.1 at 2015-03-11 21:26:15 +0100


Started GET "/assets/turbolinks.js?body=1" for 127.0.0.1 at 2015-03-11 21:26:15 +0100


Started GET "/assets/style.css?body=1" for 127.0.0.1 at 2015-03-11 21:26:15 +0100


Started GET "/assets/application.js?body=1" for 127.0.0.1 at 2015-03-11 21:26:15 +0100


Started GET "/admin/publisher" for 127.0.0.1 at 2015-03-11 21:26:40 +0100

ActionController::RoutingError (No route matches [GET] "/admin/publisher"):
  actionpack (4.1.1) lib/action_dispatch/middleware/debug_exceptions.rb:21:in `call'
  actionpack (4.1.1) lib/action_dispatch/middleware/show_exceptions.rb:30:in `call'
  railties (4.1.1) lib/rails/rack/logger.rb:38:in `call_app'
  railties (4.1.1) lib/rails/rack/logger.rb:20:in `block in call'
  activesupport (4.1.1) lib/active_support/tagged_logging.rb:68:in `block in tagged'
  activesupport (4.1.1) lib/active_support/tagged_logging.rb:26:in `tagged'
  activesupport (4.1.1) lib/active_support/tagged_logging.rb:68:in `tagged'
  railties (4.1.1) lib/rails/rack/logger.rb:20:in `call'
  actionpack (4.1.1) lib/action_dispatch/middleware/request_id.rb:21:in `call'
  rack (1.5.2) lib/rack/methodoverride.rb:21:in `call'
  rack (1.5.2) lib/rack/runtime.rb:17:in `call'
  activesupport (4.1.1) lib/active_support/cache/strategy/local_cache_middleware.rb:26:in `call'
  rack (1.5.2) lib/rack/lock.rb:17:in `call'
  actionpack (4.1.1) lib/action_dispatch/middleware/static.rb:64:in `call'
  rack (1.5.2) lib/rack/sendfile.rb:112:in `call'
  railties (4.1.1) lib/rails/engine.rb:514:in `call'
  railties (4.1.1) lib/rails/application.rb:144:in `call'
  rack (1.5.2) lib/rack/lock.rb:17:in `call'
  rack (1.5.2) lib/rack/content_length.rb:14:in `call'
  rack (1.5.2) lib/rack/handler/webrick.rb:60:in `service'
  /home/ivan/.rvm/rubies/ruby-2.1.2/lib/ruby/2.1.0/webrick/httpserver.rb:138:in `service'
  /home/ivan/.rvm/rubies/ruby-2.1.2/lib/ruby/2.1.0/webrick/httpserver.rb:94:in `run'
  /home/ivan/.rvm/rubies/ruby-2.1.2/lib/ruby/2.1.0/webrick/server.rb:295:in `block in start_thread'


  Rendered /home/ivan/.rvm/gems/ruby-2.1.2/gems/actionpack-4.1.1/lib/action_dispatch/middleware/templates/rescues/_trace.html.erb (2.3ms)
  Rendered /home/ivan/.rvm/gems/ruby-2.1.2/gems/actionpack-4.1.1/lib/action_dispatch/middleware/templates/routes/_route.html.erb (1.2ms)
  Rendered /home/ivan/.rvm/gems/ruby-2.1.2/gems/actionpack-4.1.1/lib/action_dispatch/middleware/templates/routes/_table.html.erb (15.0ms)
  Rendered /home/ivan/.rvm/gems/ruby-2.1.2/gems/actionpack-4.1.1/lib/action_dispatch/middleware/templates/rescues/routing_error.html.erb within rescues/layout (53.1ms)


Started GET "/admin/publisher" for 127.0.0.1 at 2015-03-11 21:26:40 +0100

ActionController::RoutingError (No route matches [GET] "/admin/publisher"):
  actionpack (4.1.1) lib/action_dispatch/middleware/debug_exceptions.rb:21:in `call'
  actionpack (4.1.1) lib/action_dispatch/middleware/show_exceptions.rb:30:in `call'
  railties (4.1.1) lib/rails/rack/logger.rb:38:in `call_app'
  railties (4.1.1) lib/rails/rack/logger.rb:20:in `block in call'
  activesupport (4.1.1) lib/active_support/tagged_logging.rb:68:in `block in tagged'
  activesupport (4.1.1) lib/active_support/tagged_logging.rb:26:in `tagged'
  activesupport (4.1.1) lib/active_support/tagged_logging.rb:68:in `tagged'
  railties (4.1.1) lib/rails/rack/logger.rb:20:in `call'
  actionpack (4.1.1) lib/action_dispatch/middleware/request_id.rb:21:in `call'
  rack (1.5.2) lib/rack/methodoverride.rb:21:in `call'
  rack (1.5.2) lib/rack/runtime.rb:17:in `call'
  activesupport (4.1.1) lib/active_support/cache/strategy/local_cache_middleware.rb:26:in `call'
  rack (1.5.2) lib/rack/lock.rb:17:in `call'
  actionpack (4.1.1) lib/action_dispatch/middleware/static.rb:64:in `call'
  rack (1.5.2) lib/rack/sendfile.rb:112:in `call'
  railties (4.1.1) lib/rails/engine.rb:514:in `call'
  railties (4.1.1) lib/rails/application.rb:144:in `call'
  rack (1.5.2) lib/rack/lock.rb:17:in `call'
  rack (1.5.2) lib/rack/content_length.rb:14:in `call'
  rack (1.5.2) lib/rack/handler/webrick.rb:60:in `service'
  /home/ivan/.rvm/rubies/ruby-2.1.2/lib/ruby/2.1.0/webrick/httpserver.rb:138:in `service'
  /home/ivan/.rvm/rubies/ruby-2.1.2/lib/ruby/2.1.0/webrick/httpserver.rb:94:in `run'
  /home/ivan/.rvm/rubies/ruby-2.1.2/lib/ruby/2.1.0/webrick/server.rb:295:in `block in start_thread'


  Rendered /home/ivan/.rvm/gems/ruby-2.1.2/gems/actionpack-4.1.1/lib/action_dispatch/middleware/templates/rescues/_trace.html.erb (1.5ms)
  Rendered /home/ivan/.rvm/gems/ruby-2.1.2/gems/actionpack-4.1.1/lib/action_dispatch/middleware/templates/routes/_route.html.erb (1.2ms)
  Rendered /home/ivan/.rvm/gems/ruby-2.1.2/gems/actionpack-4.1.1/lib/action_dispatch/middleware/templates/routes/_table.html.erb (1.6ms)
  Rendered /home/ivan/.rvm/gems/ruby-2.1.2/gems/actionpack-4.1.1/lib/action_dispatch/middleware/templates/rescues/routing_error.html.erb within rescues/layout (22.5ms)


Started GET "/" for 127.0.0.1 at 2015-03-16 17:04:34 +0100
Processing by Rails::WelcomeController#index as HTML
  Rendered /home/ivan/.rvm/gems/ruby-2.1.2/gems/railties-4.1.1/lib/rails/templates/rails/welcome/index.html.erb (2.3ms)
Completed 200 OK in 73ms (Views: 45.0ms | ActiveRecord: 0.0ms)


Started GET "/about/index" for 127.0.0.1 at 2015-03-16 17:04:43 +0100
Processing by AboutController#index as HTML
  Rendered about/index.html.erb within layouts/application (0.5ms)
Completed 200 OK in 177ms (Views: 176.5ms | ActiveRecord: 0.0ms)


Started GET "/assets/about.css?body=1" for 127.0.0.1 at 2015-03-16 17:04:43 +0100


Started GET "/assets/jquery_ujs.js?body=1" for 127.0.0.1 at 2015-03-16 17:04:43 +0100


Started GET "/assets/about.js?body=1" for 127.0.0.1 at 2015-03-16 17:04:43 +0100


Started GET "/assets/jquery.js?body=1" for 127.0.0.1 at 2015-03-16 17:04:43 +0100


Started GET "/assets/application.css?body=1" for 127.0.0.1 at 2015-03-16 17:04:43 +0100


Started GET "/assets/style.css?body=1" for 127.0.0.1 at 2015-03-16 17:04:43 +0100


Started GET "/assets/turbolinks.js?body=1" for 127.0.0.1 at 2015-03-16 17:04:43 +0100


Started GET "/assets/application.js?body=1" for 127.0.0.1 at 2015-03-16 17:04:43 +0100


Started GET "/about/index" for 127.0.0.1 at 2015-03-16 17:04:50 +0100
Processing by AboutController#index as HTML
  Rendered about/index.html.erb within layouts/application (0.1ms)
Completed 200 OK in 65ms (Views: 64.7ms | ActiveRecord: 0.0ms)


Started GET "/assets/about.css?body=1" for 127.0.0.1 at 2015-03-16 17:04:50 +0100


Started GET "/assets/style.css?body=1" for 127.0.0.1 at 2015-03-16 17:04:50 +0100


Started GET "/assets/application.css?body=1" for 127.0.0.1 at 2015-03-16 17:04:50 +0100


Started GET "/assets/jquery_ujs.js?body=1" for 127.0.0.1 at 2015-03-16 17:04:50 +0100


Started GET "/assets/about.js?body=1" for 127.0.0.1 at 2015-03-16 17:04:50 +0100


Started GET "/assets/turbolinks.js?body=1" for 127.0.0.1 at 2015-03-16 17:04:50 +0100


Started GET "/assets/jquery.js?body=1" for 127.0.0.1 at 2015-03-16 17:04:50 +0100


Started GET "/assets/application.js?body=1" for 127.0.0.1 at 2015-03-16 17:04:50 +0100
